TN:
SF:src/App.js
FN:25,App
FN:35,(anonymous_1)
FN:36,(anonymous_2)
FN:39,(anonymous_3)
FN:49,_reloadSession
FN:67,(anonymous_5)
FN:72,printDays
FN:140,(anonymous_7)
FN:147,(anonymous_8)
FNF:9
FNH:0
FNDA:0,App
FNDA:0,(anonymous_1)
FNDA:0,(anonymous_2)
FNDA:0,(anonymous_3)
FNDA:0,_reloadSession
FNDA:0,(anonymous_5)
FNDA:0,printDays
FNDA:0,(anonymous_7)
FNDA:0,(anonymous_8)
DA:23,0
DA:27,0
DA:29,0
DA:30,0
DA:31,0
DA:32,0
DA:34,0
DA:35,0
DA:36,0
DA:37,0
DA:38,0
DA:39,0
DA:40,0
DA:41,0
DA:50,0
DA:51,0
DA:52,0
DA:53,0
DA:54,0
DA:55,0
DA:56,0
DA:57,0
DA:58,0
DA:59,0
DA:60,0
DA:61,0
DA:62,0
DA:63,0
DA:67,0
DA:68,0
DA:73,0
DA:74,0
DA:75,0
DA:76,0
DA:80,0
DA:141,0
DA:142,0
DA:143,0
DA:144,0
DA:148,0
LF:40
LH:0
BRDA:51,0,0,0
BRDA:51,0,1,0
BRDA:166,1,0,0
BRDA:166,1,1,0
BRF:4
BRH:0
end_of_record
TN:
SF:src/Customer.js
FN:8,Customer
FNF:1
FNH:0
FNDA:0,Customer
DA:9,0
LF:1
LH:0
BRF:0
BRH:0
end_of_record
TN:
SF:src/Login.js
FN:17,Login
FN:21,onClickSubmissionHandler
FN:33,(anonymous_2)
FN:35,(anonymous_3)
FN:54,ErrorCredentialAlert
FN:57,(anonymous_5)
FN:99,(anonymous_6)
FN:104,(anonymous_7)
FNF:8
FNH:0
FNDA:0,Login
FNDA:0,onClickSubmissionHandler
FNDA:0,(anonymous_2)
FNDA:0,(anonymous_3)
FNDA:0,ErrorCredentialAlert
FNDA:0,(anonymous_5)
FNDA:0,(anonymous_6)
FNDA:0,(anonymous_7)
DA:14,0
DA:18,0
DA:19,0
DA:20,0
DA:23,0
DA:34,0
DA:35,0
DA:36,0
DA:37,0
DA:38,0
DA:39,0
DA:40,0
DA:41,0
DA:42,0
DA:43,0
DA:44,0
DA:47,0
DA:48,0
DA:51,0
DA:55,0
DA:57,0
DA:76,0
DA:77,0
DA:82,0
DA:100,0
DA:105,0
LF:26
LH:0
BRDA:34,0,0,0
BRDA:34,0,1,0
BRDA:47,1,0,0
BRDA:47,1,1,0
BRDA:76,2,0,0
BRDA:76,2,1,0
BRDA:87,3,0,0
BRDA:87,3,1,0
BRDA:122,4,0,0
BRDA:122,4,1,0
BRDA:122,5,0,0
BRDA:122,5,1,0
BRDA:124,6,0,0
BRDA:124,6,1,0
BRDA:124,7,0,0
BRDA:124,7,1,0
BRF:16
BRH:0
end_of_record
TN:
SF:src/Navbar.js
FN:13,Navbar
FN:17,(anonymous_1)
FN:27,(anonymous_2)
FN:45,(anonymous_3)
FN:47,doLogin
FN:70,(anonymous_5)
FNF:6
FNH:0
FNDA:0,Navbar
FNDA:0,(anonymous_1)
FNDA:0,(anonymous_2)
FNDA:0,(anonymous_3)
FNDA:0,doLogin
FNDA:0,(anonymous_5)
DA:14,0
DA:17,0
DA:18,0
DA:20,0
DA:29,0
DA:30,0
DA:31,0
DA:32,0
DA:33,0
DA:35,0
DA:38,0
DA:39,0
DA:40,0
DA:41,0
DA:42,0
DA:43,0
DA:45,0
DA:48,0
DA:52,0
DA:53,0
DA:56,0
DA:70,0
LF:22
LH:0
BRDA:29,0,0,0
BRDA:29,0,1,0
BRDA:52,1,0,0
BRDA:52,1,1,0
BRDA:69,2,0,0
BRDA:69,2,1,0
BRDA:85,3,0,0
BRDA:85,3,1,0
BRF:8
BRH:0
end_of_record
TN:
SF:src/PlaceOrder.js
FN:14,PlaceOrder
FN:31,(anonymous_1)
FN:32,(anonymous_2)
FN:47,(anonymous_3)
FN:55,(anonymous_4)
FN:70,(anonymous_5)
FN:71,(anonymous_6)
FN:104,(anonymous_7)
FN:119,(anonymous_8)
FN:145,printOrder
FN:162,OrderEntry
FNF:11
FNH:0
FNDA:0,PlaceOrder
FNDA:0,(anonymous_1)
FNDA:0,(anonymous_2)
FNDA:0,(anonymous_3)
FNDA:0,(anonymous_4)
FNDA:0,(anonymous_5)
FNDA:0,(anonymous_6)
FNDA:0,(anonymous_7)
FNDA:0,(anonymous_8)
FNDA:0,printOrder
FNDA:0,OrderEntry
DA:15,0
DA:16,0
DA:17,0
DA:18,0
DA:19,0
DA:20,0
DA:21,0
DA:22,0
DA:23,0
DA:26,0
DA:31,0
DA:32,0
DA:33,0
DA:34,0
DA:35,0
DA:36,0
DA:38,0
DA:39,0
DA:40,0
DA:42,0
DA:44,0
DA:47,0
DA:48,0
DA:49,0
DA:50,0
DA:52,0
DA:55,0
DA:56,0
DA:57,0
DA:58,0
DA:59,0
DA:61,0
DA:62,0
DA:65,0
DA:69,0
DA:70,0
DA:71,0
DA:72,0
DA:73,0
DA:75,0
DA:77,0
DA:80,0
DA:81,0
DA:87,0
DA:105,0
DA:106,0
DA:107,0
DA:108,0
DA:109,0
DA:110,0
DA:111,0
DA:112,0
DA:113,0
DA:120,0
DA:146,0
DA:147,0
DA:148,0
DA:149,0
DA:150,0
DA:151,0
DA:152,0
DA:154,0
DA:159,0
DA:163,0
LF:64
LH:0
BRDA:34,0,0,0
BRDA:34,0,1,0
BRDA:38,1,0,0
BRDA:38,1,1,0
BRDA:49,2,0,0
BRDA:49,2,1,0
BRDA:59,3,0,0
BRDA:59,3,1,0
BRDA:72,4,0,0
BRDA:72,4,1,0
BRDA:72,5,0,0
BRDA:72,5,1,0
BRDA:72,5,2,0
BRDA:72,5,3,0
BRDA:80,6,0,0
BRDA:80,6,1,0
BRDA:90,7,0,0
BRDA:90,7,1,0
BRDA:93,8,0,0
BRDA:93,8,1,0
BRDA:110,9,0,0
BRDA:110,9,1,0
BRDA:123,10,0,0
BRDA:123,10,1,0
BRDA:123,11,0,0
BRDA:123,11,1,0
BRDA:124,12,0,0
BRDA:124,12,1,0
BRDA:125,13,0,0
BRDA:125,13,1,0
BRDA:127,14,0,0
BRDA:127,14,1,0
BRDA:129,15,0,0
BRDA:129,15,1,0
BRDA:131,16,0,0
BRDA:131,16,1,0
BRDA:138,17,0,0
BRDA:138,17,1,0
BRDA:139,18,0,0
BRDA:139,18,1,0
BRDA:139,19,0,0
BRDA:139,19,1,0
BRDA:139,19,2,0
BRDA:148,20,0,0
BRDA:148,20,1,0
BRF:45
BRH:0
end_of_record
TN:
SF:src/TopUp.js
FN:15,TopUp
FN:24,(anonymous_1)
FN:25,(anonymous_2)
FN:38,(anonymous_3)
FN:58,(anonymous_4)
FN:103,(anonymous_5)
FN:124,(anonymous_6)
FNF:7
FNH:0
FNDA:0,TopUp
FNDA:0,(anonymous_1)
FNDA:0,(anonymous_2)
FNDA:0,(anonymous_3)
FNDA:0,(anonymous_4)
FNDA:0,(anonymous_5)
FNDA:0,(anonymous_6)
DA:17,0
DA:18,0
DA:19,0
DA:20,0
DA:21,0
DA:22,0
DA:23,0
DA:24,0
DA:25,0
DA:27,0
DA:39,0
DA:40,0
DA:41,0
DA:42,0
DA:43,0
DA:44,0
DA:45,0
DA:46,0
DA:47,0
DA:50,0
DA:51,0
DA:52,0
DA:59,0
DA:104,0
DA:105,0
DA:106,0
DA:107,0
DA:108,0
DA:112,0
DA:114,0
DA:115,0
DA:118,0
DA:119,0
DA:125,0
LF:34
LH:0
BRDA:46,0,0,0
BRDA:46,0,1,0
BRDA:64,1,0,0
BRDA:64,1,1,0
BRDA:64,2,0,0
BRDA:64,2,1,0
BRDA:65,3,0,0
BRDA:65,3,1,0
BRDA:66,4,0,0
BRDA:66,4,1,0
BRDA:67,5,0,0
BRDA:67,5,1,0
BRDA:68,6,0,0
BRDA:68,6,1,0
BRDA:74,7,0,0
BRDA:74,7,1,0
BRDA:112,8,0,0
BRDA:112,8,1,0
BRDA:127,9,0,0
BRDA:127,9,1,0
BRDA:127,10,0,0
BRDA:127,10,1,0
BRF:22
BRH:0
end_of_record
TN:
SF:src/UnauthorizedComponent.js
FN:14,UnauthorizedComponent
FN:69,(anonymous_1)
FN:74,(anonymous_2)
FNF:3
FNH:0
FNDA:0,UnauthorizedComponent
FNDA:0,(anonymous_1)
FNDA:0,(anonymous_2)
DA:15,0
DA:16,0
DA:17,0
DA:19,0
DA:69,0
DA:74,0
LF:6
LH:0
BRDA:16,0,0,0
BRDA:16,0,1,0
BRDA:22,1,0,0
BRDA:22,1,1,0
BRDA:25,2,0,0
BRDA:25,2,1,0
BRDA:74,3,0,0
BRDA:74,3,1,0
BRF:8
BRH:0
end_of_record
TN:
SF:src/Utilities.js
FN:9,buildLoginBody
FN:19,getSalt
FNF:2
FNH:1
FNDA:0,buildLoginBody
FNDA:3,getSalt
DA:10,0
DA:11,0
DA:12,0
DA:13,0
DA:14,0
DA:16,0
DA:20,3
LF:7
LH:1
BRF:0
BRH:0
end_of_record
TN:
SF:src/index.js
FNF:0
FNH:0
DA:7,0
DA:17,0
LF:2
LH:0
BRF:0
BRH:0
end_of_record
TN:
SF:src/reportWebVitals.js
FN:1,(anonymous_0)
FN:3,(anonymous_1)
FNF:2
FNH:0
FNDA:0,(anonymous_0)
FNDA:0,(anonymous_1)
DA:1,0
DA:2,0
DA:3,0
DA:4,0
DA:5,0
DA:6,0
DA:7,0
DA:8,0
LF:8
LH:0
BRDA:2,0,0,0
BRDA:2,0,1,0
BRDA:2,1,0,0
BRDA:2,1,1,0
BRF:4
BRH:0
end_of_record
TN:
SF:src/API/API.js
FN:7,(anonymous_0)
FN:17,(anonymous_1)
FN:35,selectMitigationType
FN:49,createErrorHandlerObject
FN:69,createSuccesfulHandlerObject
FN:85,browseProducts
FN:110,getCart
FN:138,addToCart
FN:156,topUp
FN:174,customerExistsByMail
FN:192,placeOrder
FN:211,dropOrder
FN:231,getAllOrders
FN:252,getOrdersByEmail
FN:271,deliverOrder
FN:290,getWallet
FN:307,customerExists
FN:329,addCustomer
FN:356,sessionReloader
FNF:19
FNH:5
FNDA:9,(anonymous_0)
FNDA:0,(anonymous_1)
FNDA:0,selectMitigationType
FNDA:0,createErrorHandlerObject
FNDA:0,createSuccesfulHandlerObject
FNDA:1,browseProducts
FNDA:0,getCart
FNDA:5,addToCart
FNDA:0,topUp
FNDA:2,customerExistsByMail
FNDA:0,placeOrder
FNDA:0,dropOrder
FNDA:1,getAllOrders
FNDA:0,getOrdersByEmail
FNDA:0,deliverOrder
FNDA:0,getWallet
FNDA:0,customerExists
FNDA:0,addCustomer
FNDA:0,sessionReloader
DA:7,4
DA:8,9
DA:9,9
DA:14,9
DA:17,4
DA:18,0
DA:19,0
DA:24,0
DA:36,0
DA:37,0
DA:38,0
DA:39,0
DA:42,0
DA:51,0
DA:52,0
DA:58,0
DA:64,0
DA:70,0
DA:74,0
DA:86,1
DA:88,1
DA:92,0
DA:94,0
DA:96,0
DA:98,0
DA:99,0
DA:102,0
DA:103,0
DA:104,0
DA:105,0
DA:112,0
DA:113,0
DA:117,0
DA:118,0
DA:119,0
DA:120,0
DA:121,0
DA:122,0
DA:123,0
DA:124,0
DA:125,0
DA:126,0
DA:127,0
DA:130,0
DA:131,0
DA:132,0
DA:133,0
DA:139,5
DA:140,5
DA:145,0
DA:146,0
DA:148,0
DA:150,0
DA:151,0
DA:157,0
DA:158,0
DA:163,0
DA:164,0
DA:166,0
DA:168,0
DA:169,0
DA:175,2
DA:176,2
DA:180,0
DA:181,0
DA:182,0
DA:184,0
DA:186,0
DA:187,0
DA:193,0
DA:194,0
DA:199,0
DA:200,0
DA:202,0
DA:204,0
DA:205,0
DA:212,0
DA:213,0
DA:218,0
DA:219,0
DA:221,0
DA:223,0
DA:224,0
DA:232,1
DA:233,1
DA:237,0
DA:238,0
DA:239,0
DA:240,0
DA:241,0
DA:243,0
DA:246,0
DA:253,0
DA:254,0
DA:258,0
DA:259,0
DA:260,0
DA:261,0
DA:263,0
DA:266,0
DA:272,0
DA:273,0
DA:278,0
DA:279,0
DA:280,0
DA:282,0
DA:285,0
DA:291,0
DA:292,0
DA:296,0
DA:298,0
DA:299,0
DA:302,0
DA:308,0
DA:309,0
DA:317,0
DA:318,0
DA:319,0
DA:321,0
DA:323,0
DA:324,0
DA:331,0
DA:332,0
DA:341,0
DA:342,0
DA:343,0
DA:344,0
DA:346,0
DA:350,0
DA:351,0
DA:357,0
DA:358,0
DA:362,0
DA:364,0
DA:366,0
DA:369,0
DA:373,4
LF:137
LH:14
BRDA:36,0,0,0
BRDA:36,0,1,0
BRDA:38,1,0,0
BRDA:38,1,1,0
BRDA:51,2,0,0
BRDA:51,2,1,0
BRDA:92,3,0,0
BRDA:92,3,1,0
BRDA:117,4,0,0
BRDA:117,4,1,0
BRDA:120,5,0,0
BRDA:120,5,1,0
BRDA:123,6,0,0
BRDA:123,6,1,0
BRDA:145,7,0,0
BRDA:145,7,1,0
BRDA:163,8,0,0
BRDA:163,8,1,0
BRDA:181,9,0,0
BRDA:181,9,1,0
BRDA:199,10,0,0
BRDA:199,10,1,0
BRDA:218,11,0,0
BRDA:218,11,1,0
BRDA:238,12,0,0
BRDA:238,12,1,0
BRDA:239,13,0,0
BRDA:239,13,1,0
BRDA:259,14,0,0
BRDA:259,14,1,0
BRDA:279,15,0,0
BRDA:279,15,1,0
BRDA:298,16,0,0
BRDA:298,16,1,0
BRDA:318,17,0,0
BRDA:318,17,1,0
BRDA:341,18,0,0
BRDA:341,18,1,0
BRDA:362,19,0,0
BRDA:362,19,1,0
BRF:40
BRH:0
end_of_record
TN:
SF:src/BrowseProducts/BrowseProducts.js
FN:24,BrowseProducts
FN:29,_browseProducts
FN:40,(anonymous_2)
FN:45,ProductEntry
FN:47,(anonymous_4)
FN:48,(anonymous_5)
FN:78,(anonymous_6)
FN:98,(anonymous_7)
FN:112,(anonymous_8)
FN:132,(anonymous_9)
FN:157,(anonymous_10)
FNF:11
FNH:3
FNDA:10,BrowseProducts
FNDA:3,_browseProducts
FNDA:3,(anonymous_2)
FNDA:0,ProductEntry
FNDA:0,(anonymous_4)
FNDA:0,(anonymous_5)
FNDA:0,(anonymous_6)
FNDA:0,(anonymous_7)
FNDA:0,(anonymous_8)
FNDA:0,(anonymous_9)
FNDA:0,(anonymous_10)
DA:25,10
DA:26,9
DA:27,9
DA:30,3
DA:32,3
DA:33,3
DA:34,2
DA:36,0
DA:37,0
DA:40,9
DA:41,3
DA:46,0
DA:47,0
DA:48,0
DA:49,0
DA:50,0
DA:52,0
DA:79,0
DA:80,0
DA:81,0
DA:99,0
DA:104,0
DA:105,0
DA:107,0
DA:113,0
DA:133,0
DA:134,0
DA:135,0
DA:137,0
DA:147,9
DA:148,0
DA:151,9
DA:158,0
LF:33
LH:11
BRDA:32,0,0,3
BRDA:32,0,1,0
BRDA:58,1,0,0
BRDA:58,1,1,0
BRDA:104,2,0,0
BRDA:104,2,1,0
BRDA:121,3,0,0
BRDA:121,3,1,0
BRDA:121,4,0,0
BRDA:121,4,1,0
BRDA:122,5,0,0
BRDA:122,5,1,0
BRDA:124,6,0,0
BRDA:124,6,1,0
BRDA:147,7,0,0
BRDA:147,7,1,9
BRDA:156,8,0,4
BRDA:156,8,1,5
BRF:18
BRH:4
end_of_record
TN:
SF:src/DeliverOrder/DeliverOrder.js
FN:11,DeliverOrder
FN:18,(anonymous_1)
FN:19,(anonymous_2)
FN:30,_getAllOrders
FN:36,loadAllOrders
FN:42,(anonymous_5)
FN:46,customerExistsByMail
FN:59,_getOrdersByEmail
FN:65,handleSubmit
FN:70,(anonymous_9)
FN:90,(anonymous_10)
FN:99,(anonymous_11)
FN:114,Orders
FN:119,deliverOrder
FN:124,printOrder
FN:141,OrderEntry
FN:150,handleDelivery
FN:167,(anonymous_17)
FNF:18
FNH:7
FNDA:1,DeliverOrder
FNDA:1,(anonymous_1)
FNDA:1,(anonymous_2)
FNDA:1,_getAllOrders
FNDA:1,loadAllOrders
FNDA:1,(anonymous_5)
FNDA:0,customerExistsByMail
FNDA:0,_getOrdersByEmail
FNDA:0,handleSubmit
FNDA:0,(anonymous_9)
FNDA:0,(anonymous_10)
FNDA:1,(anonymous_11)
FNDA:0,Orders
FNDA:0,deliverOrder
FNDA:0,printOrder
FNDA:0,OrderEntry
FNDA:0,handleDelivery
FNDA:0,(anonymous_17)
DA:12,1
DA:13,1
DA:14,1
DA:17,1
DA:18,1
DA:19,1
DA:20,1
DA:21,1
DA:22,0
DA:24,1
DA:26,1
DA:32,1
DA:33,0
DA:38,1
DA:39,0
DA:40,0
DA:42,1
DA:43,1
DA:47,0
DA:48,0
DA:49,0
DA:50,0
DA:53,0
DA:54,0
DA:60,0
DA:61,0
DA:62,0
DA:66,0
DA:67,0
DA:68,0
DA:69,0
DA:70,0
DA:71,0
DA:74,0
DA:78,1
DA:91,0
DA:92,0
DA:94,0
DA:100,1
DA:115,0
DA:116,0
DA:118,0
DA:121,0
DA:122,0
DA:125,0
DA:126,0
DA:127,0
DA:128,0
DA:129,0
DA:130,0
DA:131,0
DA:133,0
DA:138,0
DA:142,0
DA:151,0
DA:152,0
DA:153,0
DA:154,0
DA:157,0
DA:161,0
DA:162,0
DA:164,0
DA:167,0
DA:173,0
DA:177,0
LF:65
LH:16
BRDA:21,0,0,0
BRDA:21,0,1,1
BRDA:21,1,0,1
BRDA:21,1,1,0
BRDA:21,1,2,1
BRDA:21,1,3,0
BRDA:21,1,4,1
BRDA:48,2,0,0
BRDA:48,2,1,0
BRDA:68,3,0,0
BRDA:68,3,1,0
BRDA:81,4,0,0
BRDA:81,4,1,1
BRDA:91,5,0,0
BRDA:91,5,1,0
BRDA:102,6,0,0
BRDA:102,6,1,1
BRDA:103,7,0,0
BRDA:103,7,1,1
BRDA:103,8,0,1
BRDA:103,8,1,0
BRDA:106,9,0,0
BRDA:106,9,1,1
BRDA:107,10,0,1
BRDA:107,10,1,0
BRDA:107,11,0,1
BRDA:107,11,1,1
BRDA:127,12,0,0
BRDA:127,12,1,0
BRDA:153,13,0,0
BRDA:153,13,1,0
BRDA:161,14,0,0
BRDA:161,14,1,0
BRDA:167,15,0,0
BRDA:167,15,1,0
BRDA:168,16,0,0
BRDA:168,16,1,0
BRF:37
BRH:12
end_of_record
TN:
SF:src/Homepage/Homepage.js
FN:7,Homepage
FNF:1
FNH:1
FNDA:1,Homepage
DA:9,1
LF:1
LH:1
BRF:0
BRH:0
end_of_record
TN:
SF:src/NewCustomer/NewCustomer.js
FN:36,NewCustomer
FN:40,ModalComponent
FN:45,(anonymous_2)
FN:52,(anonymous_3)
FN:93,(anonymous_4)
FN:131,(anonymous_5)
FNF:6
FNH:4
FNDA:10,NewCustomer
FNDA:47,ModalComponent
FNDA:0,(anonymous_2)
FNDA:0,(anonymous_3)
FNDA:3,(anonymous_4)
FNDA:50,(anonymous_5)
DA:15,1
DA:17,1
DA:23,1
DA:29,1
DA:37,10
DA:38,10
DA:41,47
DA:45,0
DA:53,0
DA:69,10
DA:94,3
DA:104,3
DA:105,3
DA:106,1
DA:107,2
DA:108,1
DA:110,1
DA:111,1
DA:112,1
DA:113,0
DA:115,1
DA:116,0
DA:117,0
DA:118,0
DA:119,0
DA:120,0
DA:121,0
DA:122,0
DA:123,0
DA:126,2
DA:132,50
LF:31
LH:20
BRDA:51,0,0,47
BRDA:51,0,1,0
BRDA:105,1,0,1
BRDA:105,1,1,2
BRDA:107,2,0,1
BRDA:107,2,1,1
BRDA:112,3,0,0
BRDA:112,3,1,1
BRDA:133,4,0,4
BRDA:133,4,1,46
BRDA:133,5,0,50
BRDA:133,5,1,4
BRDA:134,6,0,4
BRDA:134,6,1,46
BRDA:134,7,0,50
BRDA:134,7,1,4
BRDA:135,8,0,4
BRDA:135,8,1,46
BRDA:135,9,0,50
BRDA:135,9,1,4
BRDA:136,10,0,4
BRDA:136,10,1,46
BRDA:136,11,0,50
BRDA:136,11,1,4
BRDA:137,12,0,4
BRDA:137,12,1,46
BRDA:137,13,0,50
BRDA:137,13,1,4
BRDA:138,14,0,4
BRDA:138,14,1,46
BRDA:138,15,0,50
BRDA:138,15,1,4
BRDA:139,16,0,0
BRDA:139,16,1,50
BRDA:139,17,0,50
BRDA:139,17,1,0
BRF:36
BRH:32
end_of_record
TN:
SF:src/ShopEmployee/ShopEmployee.js
FN:9,ShopEmployee
FNF:1
FNH:1
FNDA:1,ShopEmployee
DA:11,1
LF:1
LH:1
BRF:0
BRH:0
end_of_record
