TN:
SF:src\Admin.js
FN:7,Admin
FNF:1
FNH:0
FNDA:0,Admin
DA:8,0
LF:1
LH:0
BRDA:9,0,0,0
BRDA:9,0,1,0
BRF:2
BRH:0
end_of_record
TN:
SF:src\App.js
FN:28,App
FN:38,(anonymous_1)
FN:39,(anonymous_2)
FN:42,(anonymous_3)
FN:52,_reloadSession
FN:70,(anonymous_5)
FN:75,printDays
FN:169,(anonymous_7)
FN:176,(anonymous_8)
FNF:9
FNH:0
FNDA:0,App
FNDA:0,(anonymous_1)
FNDA:0,(anonymous_2)
FNDA:0,(anonymous_3)
FNDA:0,_reloadSession
FNDA:0,(anonymous_5)
FNDA:0,printDays
FNDA:0,(anonymous_7)
FNDA:0,(anonymous_8)
DA:26,0
DA:30,0
DA:32,0
DA:33,0
DA:34,0
DA:35,0
DA:37,0
DA:38,0
DA:39,0
DA:40,0
DA:41,0
DA:42,0
DA:43,0
DA:44,0
DA:53,0
DA:54,0
DA:55,0
DA:56,0
DA:57,0
DA:58,0
DA:59,0
DA:60,0
DA:61,0
DA:62,0
DA:63,0
DA:64,0
DA:65,0
DA:66,0
DA:70,0
DA:71,0
DA:76,0
DA:77,0
DA:78,0
DA:79,0
DA:83,0
DA:170,0
DA:171,0
DA:172,0
DA:173,0
DA:177,0
LF:40
LH:0
BRDA:54,0,0,0
BRDA:54,0,1,0
BRDA:195,1,0,0
BRDA:195,1,1,0
BRF:4
BRH:0
end_of_record
TN:
SF:src\Login.js
FN:16,Login
FN:21,onClickSubmissionHandler
FN:34,(anonymous_2)
FN:36,(anonymous_3)
FN:55,ErrorCredentialAlert
FN:58,(anonymous_5)
FN:100,(anonymous_6)
FN:105,(anonymous_7)
FNF:8
FNH:0
FNDA:0,Login
FNDA:0,onClickSubmissionHandler
FNDA:0,(anonymous_2)
FNDA:0,(anonymous_3)
FNDA:0,ErrorCredentialAlert
FNDA:0,(anonymous_5)
FNDA:0,(anonymous_6)
FNDA:0,(anonymous_7)
DA:13,0
DA:17,0
DA:18,0
DA:19,0
DA:20,0
DA:24,0
DA:35,0
DA:36,0
DA:37,0
DA:38,0
DA:39,0
DA:40,0
DA:41,0
DA:42,0
DA:43,0
DA:44,0
DA:45,0
DA:48,0
DA:49,0
DA:52,0
DA:56,0
DA:58,0
DA:77,0
DA:78,0
DA:83,0
DA:101,0
DA:106,0
LF:27
LH:0
BRDA:35,0,0,0
BRDA:35,0,1,0
BRDA:48,1,0,0
BRDA:48,1,1,0
BRDA:77,2,0,0
BRDA:77,2,1,0
BRDA:88,3,0,0
BRDA:88,3,1,0
BRDA:123,4,0,0
BRDA:123,4,1,0
BRDA:123,5,0,0
BRDA:123,5,1,0
BRDA:125,6,0,0
BRDA:125,6,1,0
BRDA:125,7,0,0
BRDA:125,7,1,0
BRF:16
BRH:0
end_of_record
TN:
SF:src\PlaceOrder.js
FNF:0
FNH:0
LF:0
LH:0
BRF:0
BRH:0
end_of_record
TN:
SF:src\ProductsForecast.js
FN:24,ProductsForecast
FN:30,_browseProductsByFarmer
FN:43,(anonymous_2)
FN:48,ProductEntry
FN:50,(anonymous_4)
FN:51,(anonymous_5)
FN:81,(anonymous_6)
FN:100,(anonymous_7)
FN:114,(anonymous_8)
FN:132,(anonymous_9)
FN:158,(anonymous_10)
FNF:11
FNH:0
FNDA:0,ProductsForecast
FNDA:0,_browseProductsByFarmer
FNDA:0,(anonymous_2)
FNDA:0,ProductEntry
FNDA:0,(anonymous_4)
FNDA:0,(anonymous_5)
FNDA:0,(anonymous_6)
FNDA:0,(anonymous_7)
FNDA:0,(anonymous_8)
FNDA:0,(anonymous_9)
FNDA:0,(anonymous_10)
DA:25,0
DA:26,0
DA:27,0
DA:28,0
DA:31,0
DA:33,0
DA:34,0
DA:35,0
DA:37,0
DA:38,0
DA:40,0
DA:43,0
DA:44,0
DA:49,0
DA:50,0
DA:51,0
DA:52,0
DA:53,0
DA:55,0
DA:82,0
DA:83,0
DA:84,0
DA:101,0
DA:105,0
DA:106,0
DA:107,0
DA:109,0
DA:115,0
DA:133,0
DA:134,0
DA:135,0
DA:137,0
DA:147,0
DA:148,0
DA:151,0
DA:159,0
LF:36
LH:0
BRDA:33,0,0,0
BRDA:33,0,1,0
BRDA:61,1,0,0
BRDA:61,1,1,0
BRDA:91,2,0,0
BRDA:91,2,1,0
BRDA:106,3,0,0
BRDA:106,3,1,0
BRDA:121,4,0,0
BRDA:121,4,1,0
BRDA:121,5,0,0
BRDA:121,5,1,0
BRDA:122,6,0,0
BRDA:122,6,1,0
BRDA:124,7,0,0
BRDA:124,7,1,0
BRDA:147,8,0,0
BRDA:147,8,1,0
BRDA:152,9,0,0
BRDA:152,9,1,0
BRDA:157,10,0,0
BRDA:157,10,1,0
BRF:22
BRH:0
end_of_record
TN:
SF:src\TopUp.js
FN:15,TopUp
FN:24,(anonymous_1)
FN:25,(anonymous_2)
FN:38,(anonymous_3)
FN:58,(anonymous_4)
FN:103,(anonymous_5)
FN:124,(anonymous_6)
FNF:7
FNH:0
FNDA:0,TopUp
FNDA:0,(anonymous_1)
FNDA:0,(anonymous_2)
FNDA:0,(anonymous_3)
FNDA:0,(anonymous_4)
FNDA:0,(anonymous_5)
FNDA:0,(anonymous_6)
DA:17,0
DA:18,0
DA:19,0
DA:20,0
DA:21,0
DA:22,0
DA:23,0
DA:24,0
DA:25,0
DA:27,0
DA:39,0
DA:40,0
DA:41,0
DA:42,0
DA:43,0
DA:44,0
DA:45,0
DA:46,0
DA:47,0
DA:50,0
DA:51,0
DA:52,0
DA:59,0
DA:104,0
DA:105,0
DA:106,0
DA:107,0
DA:108,0
DA:112,0
DA:114,0
DA:115,0
DA:118,0
DA:119,0
DA:125,0
LF:34
LH:0
BRDA:46,0,0,0
BRDA:46,0,1,0
BRDA:64,1,0,0
BRDA:64,1,1,0
BRDA:64,2,0,0
BRDA:64,2,1,0
BRDA:65,3,0,0
BRDA:65,3,1,0
BRDA:66,4,0,0
BRDA:66,4,1,0
BRDA:67,5,0,0
BRDA:67,5,1,0
BRDA:68,6,0,0
BRDA:68,6,1,0
BRDA:74,7,0,0
BRDA:74,7,1,0
BRDA:112,8,0,0
BRDA:112,8,1,0
BRDA:127,9,0,0
BRDA:127,9,1,0
BRDA:127,10,0,0
BRDA:127,10,1,0
BRF:22
BRH:0
end_of_record
TN:
SF:src\UnauthorizedComponent.js
FN:14,UnauthorizedComponent
FN:69,(anonymous_1)
FN:74,(anonymous_2)
FNF:3
FNH:0
FNDA:0,UnauthorizedComponent
FNDA:0,(anonymous_1)
FNDA:0,(anonymous_2)
DA:15,0
DA:16,0
DA:17,0
DA:19,0
DA:69,0
DA:74,0
LF:6
LH:0
BRDA:16,0,0,0
BRDA:16,0,1,0
BRDA:22,1,0,0
BRDA:22,1,1,0
BRDA:25,2,0,0
BRDA:25,2,1,0
BRDA:74,3,0,0
BRDA:74,3,1,0
BRF:8
BRH:0
end_of_record
TN:
SF:src\Utilities.js
FN:9,buildLoginBody
FN:19,getSalt
FNF:2
FNH:1
FNDA:0,buildLoginBody
FNDA:3,getSalt
DA:10,0
DA:11,0
DA:12,0
DA:13,0
DA:14,0
DA:16,0
DA:20,3
LF:7
LH:1
BRF:0
BRH:0
end_of_record
TN:
SF:src\index.js
FNF:0
FNH:0
DA:7,0
DA:17,0
LF:2
LH:0
BRF:0
BRH:0
end_of_record
TN:
SF:src\reportWebVitals.js
FN:1,(anonymous_0)
FN:3,(anonymous_1)
FNF:2
FNH:0
FNDA:0,(anonymous_0)
FNDA:0,(anonymous_1)
DA:1,0
DA:2,0
DA:3,0
DA:4,0
DA:5,0
DA:6,0
DA:7,0
DA:8,0
LF:8
LH:0
BRDA:2,0,0,0
BRDA:2,0,1,0
BRDA:2,1,0,0
BRDA:2,1,1,0
BRF:4
BRH:0
end_of_record
TN:
SF:src\API\API.js
FN:7,(anonymous_0)
FN:17,(anonymous_1)
FN:35,selectMitigationType
FN:49,createErrorHandlerObject
FN:69,createSuccesfulHandlerObject
FN:86,browseProducts
FN:110,browseProductsByFarmer
FN:136,getCart
FN:164,addToCart
FN:181,addProduct
FN:198,topUp
FN:216,customerExistsByMail
FN:237,placeOrder
FN:256,dropOrder
FN:276,getAllOrders
FN:297,getOrdersByEmail
FN:316,deliverOrder
FN:335,getWallet
FN:351,getWalletWarning
FN:366,customerExists
FN:389,addCustomer
FN:415,modifyForecast
FN:433,sessionReloader
FNF:23
FNH:5
FNDA:7,(anonymous_0)
FNDA:0,(anonymous_1)
FNDA:0,selectMitigationType
FNDA:0,createErrorHandlerObject
FNDA:0,createSuccesfulHandlerObject
FNDA:1,browseProducts
FNDA:0,browseProductsByFarmer
FNDA:0,getCart
FNDA:5,addToCart
FNDA:0,addProduct
FNDA:0,topUp
FNDA:2,customerExistsByMail
FNDA:0,placeOrder
FNDA:0,dropOrder
FNDA:1,getAllOrders
FNDA:0,getOrdersByEmail
FNDA:0,deliverOrder
FNDA:0,getWallet
FNDA:0,getWalletWarning
FNDA:0,customerExists
FNDA:0,addCustomer
FNDA:0,modifyForecast
FNDA:0,sessionReloader
DA:7,7
DA:8,7
DA:9,7
DA:14,7
DA:17,7
DA:18,0
DA:19,0
DA:24,0
DA:36,0
DA:37,0
DA:38,0
DA:39,0
DA:42,0
DA:51,0
DA:52,0
DA:58,0
DA:64,0
DA:70,0
DA:71,0
DA:75,0
DA:87,1
DA:89,1
DA:93,0
DA:95,0
DA:97,0
DA:99,0
DA:100,0
DA:103,0
DA:104,0
DA:105,0
DA:106,0
DA:111,0
DA:112,0
DA:114,0
DA:118,0
DA:120,0
DA:122,0
DA:124,0
DA:125,0
DA:128,0
DA:129,0
DA:130,0
DA:131,0
DA:138,0
DA:139,0
DA:143,0
DA:144,0
DA:145,0
DA:146,0
DA:147,0
DA:148,0
DA:149,0
DA:150,0
DA:151,0
DA:152,0
DA:153,0
DA:156,0
DA:157,0
DA:158,0
DA:159,0
DA:165,5
DA:166,5
DA:171,0
DA:172,0
DA:173,0
DA:175,0
DA:176,0
DA:182,0
DA:183,0
DA:188,0
DA:189,0
DA:190,0
DA:192,0
DA:193,0
DA:199,0
DA:200,0
DA:205,0
DA:206,0
DA:208,0
DA:210,0
DA:211,0
DA:217,2
DA:218,2
DA:225,0
DA:226,0
DA:227,0
DA:229,0
DA:231,0
DA:232,0
DA:238,0
DA:239,0
DA:244,0
DA:245,0
DA:247,0
DA:249,0
DA:250,0
DA:257,0
DA:258,0
DA:263,0
DA:264,0
DA:266,0
DA:268,0
DA:269,0
DA:277,1
DA:278,1
DA:282,0
DA:283,0
DA:284,0
DA:285,0
DA:286,0
DA:288,0
DA:291,0
DA:298,0
DA:299,0
DA:303,0
DA:304,0
DA:305,0
DA:306,0
DA:308,0
DA:311,0
DA:317,0
DA:318,0
DA:323,0
DA:324,0
DA:325,0
DA:327,0
DA:330,0
DA:336,0
DA:337,0
DA:341,0
DA:343,0
DA:344,0
DA:347,0
DA:352,0
DA:353,0
DA:354,0
DA:358,0
DA:359,0
DA:361,0
DA:367,0
DA:368,0
DA:376,0
DA:377,0
DA:378,0
DA:380,0
DA:383,0
DA:384,0
DA:391,0
DA:392,0
DA:401,0
DA:402,0
DA:403,0
DA:404,0
DA:406,0
DA:410,0
DA:411,0
DA:416,0
DA:417,0
DA:418,0
DA:426,0
DA:427,0
DA:429,0
DA:434,0
DA:435,0
DA:439,0
DA:441,0
DA:443,0
DA:446,0
DA:450,7
LF:169
LH:14
BRDA:36,0,0,0
BRDA:36,0,1,0
BRDA:38,1,0,0
BRDA:38,1,1,0
BRDA:51,2,0,0
BRDA:51,2,1,0
BRDA:93,3,0,0
BRDA:93,3,1,0
BRDA:118,4,0,0
BRDA:118,4,1,0
BRDA:143,5,0,0
BRDA:143,5,1,0
BRDA:146,6,0,0
BRDA:146,6,1,0
BRDA:149,7,0,0
BRDA:149,7,1,0
BRDA:171,8,0,0
BRDA:171,8,1,0
BRDA:188,9,0,0
BRDA:188,9,1,0
BRDA:205,10,0,0
BRDA:205,10,1,0
BRDA:226,11,0,0
BRDA:226,11,1,0
BRDA:244,12,0,0
BRDA:244,12,1,0
BRDA:263,13,0,0
BRDA:263,13,1,0
BRDA:283,14,0,0
BRDA:283,14,1,0
BRDA:284,15,0,0
BRDA:284,15,1,0
BRDA:304,16,0,0
BRDA:304,16,1,0
BRDA:324,17,0,0
BRDA:324,17,1,0
BRDA:343,18,0,0
BRDA:343,18,1,0
BRDA:377,19,0,0
BRDA:377,19,1,0
BRDA:401,20,0,0
BRDA:401,20,1,0
BRDA:439,21,0,0
BRDA:439,21,1,0
BRF:44
BRH:0
end_of_record
TN:
SF:src\AddProduct\AddProduct.js
FN:18,AddProduct
FN:42,(anonymous_1)
FN:64,(anonymous_2)
FN:96,(anonymous_3)
FNF:4
FNH:4
FNDA:7,AddProduct
FNDA:2,(anonymous_1)
FNDA:25,(anonymous_2)
FNDA:125,(anonymous_3)
DA:16,1
DA:20,7
DA:21,6
DA:23,6
DA:43,2
DA:44,2
DA:45,2
DA:53,2
DA:54,2
DA:55,1
DA:56,1
DA:58,1
DA:65,25
DA:96,125
LF:14
LH:14
BRDA:24,0,0,6
BRDA:24,0,1,0
BRDA:54,1,0,1
BRDA:54,1,1,1
BRDA:66,2,0,2
BRDA:66,2,1,23
BRDA:66,3,0,25
BRDA:66,3,1,2
BRDA:68,4,0,2
BRDA:68,4,1,23
BRDA:68,5,0,25
BRDA:68,5,1,2
BRDA:69,6,0,2
BRDA:69,6,1,23
BRDA:69,7,0,25
BRDA:69,7,1,2
BRDA:71,8,0,0
BRDA:71,8,1,25
BRDA:71,9,0,25
BRDA:71,9,1,0
BRDA:73,10,0,3
BRDA:73,10,1,22
BRDA:74,11,0,2
BRDA:74,11,1,23
BRF:24
BRH:21
end_of_record
TN:
SF:src\BrowseProducts\BrowseProducts.js
FN:24,BrowseProducts
FN:30,_browseProducts
FN:43,(anonymous_2)
FN:48,ProductEntry
FN:50,(anonymous_4)
FN:51,(anonymous_5)
FN:81,(anonymous_6)
FN:101,(anonymous_7)
FN:115,(anonymous_8)
FN:135,(anonymous_9)
FN:160,(anonymous_10)
FNF:11
FNH:0
FNDA:0,BrowseProducts
FNDA:0,_browseProducts
FNDA:0,(anonymous_2)
FNDA:0,ProductEntry
FNDA:0,(anonymous_4)
FNDA:0,(anonymous_5)
FNDA:0,(anonymous_6)
FNDA:0,(anonymous_7)
FNDA:0,(anonymous_8)
FNDA:0,(anonymous_9)
FNDA:0,(anonymous_10)
DA:25,0
DA:26,0
DA:27,0
DA:28,0
DA:31,0
DA:33,0
DA:34,0
DA:35,0
DA:37,0
DA:38,0
DA:40,0
DA:43,0
DA:44,0
DA:49,0
DA:50,0
DA:51,0
DA:52,0
DA:53,0
DA:55,0
DA:82,0
DA:83,0
DA:84,0
DA:102,0
DA:107,0
DA:108,0
DA:110,0
DA:116,0
DA:136,0
DA:137,0
DA:138,0
DA:140,0
DA:150,0
DA:151,0
DA:154,0
DA:161,0
LF:35
LH:0
BRDA:33,0,0,0
BRDA:33,0,1,0
BRDA:61,1,0,0
BRDA:61,1,1,0
BRDA:91,2,0,0
BRDA:91,2,1,0
BRDA:107,3,0,0
BRDA:107,3,1,0
BRDA:124,4,0,0
BRDA:124,4,1,0
BRDA:124,5,0,0
BRDA:124,5,1,0
BRDA:125,6,0,0
BRDA:125,6,1,0
BRDA:127,7,0,0
BRDA:127,7,1,0
BRDA:150,8,0,0
BRDA:150,8,1,0
BRDA:159,9,0,0
BRDA:159,9,1,0
BRDA:159,10,0,0
BRDA:159,10,1,0
BRF:22
BRH:0
end_of_record
TN:
SF:src\Customer\Customer.js
FN:7,Customer
FNF:1
FNH:1
FNDA:1,Customer
DA:8,1
LF:1
LH:1
BRDA:9,0,0,1
BRDA:9,0,1,0
BRDA:9,1,0,1
BRDA:9,1,1,0
BRF:4
BRH:2
end_of_record
TN:
SF:src\DeliverOrder\DeliverOrder.js
FN:13,DeliverOrder
FN:20,(anonymous_1)
FN:21,(anonymous_2)
FN:31,(anonymous_3)
FN:35,loadAllOrders
FN:42,_getAllOrders
FN:48,customerExistsByMail
FN:61,_getOrdersByEmail
FN:67,handleSubmit
FN:72,(anonymous_9)
FN:92,(anonymous_10)
FN:101,(anonymous_11)
FN:116,Orders
FN:121,deliverOrder
FN:126,printOrder
FN:143,OrderEntry
FN:152,handleDelivery
FN:170,(anonymous_17)
FNF:18
FNH:7
FNDA:1,DeliverOrder
FNDA:1,(anonymous_1)
FNDA:1,(anonymous_2)
FNDA:1,(anonymous_3)
FNDA:1,loadAllOrders
FNDA:1,_getAllOrders
FNDA:0,customerExistsByMail
FNDA:0,_getOrdersByEmail
FNDA:0,handleSubmit
FNDA:0,(anonymous_9)
FNDA:0,(anonymous_10)
FNDA:1,(anonymous_11)
FNDA:0,Orders
FNDA:0,deliverOrder
FNDA:0,printOrder
FNDA:0,OrderEntry
FNDA:0,handleDelivery
FNDA:0,(anonymous_17)
DA:14,1
DA:15,1
DA:16,1
DA:19,1
DA:20,1
DA:21,1
DA:22,1
DA:23,1
DA:24,0
DA:26,1
DA:28,1
DA:31,1
DA:32,1
DA:37,1
DA:38,0
DA:39,0
DA:44,1
DA:45,0
DA:49,0
DA:50,0
DA:51,0
DA:52,0
DA:55,0
DA:56,0
DA:62,0
DA:63,0
DA:64,0
DA:68,0
DA:69,0
DA:70,0
DA:71,0
DA:72,0
DA:73,0
DA:76,0
DA:80,1
DA:93,0
DA:94,0
DA:96,0
DA:102,1
DA:117,0
DA:118,0
DA:120,0
DA:123,0
DA:124,0
DA:127,0
DA:128,0
DA:129,0
DA:130,0
DA:131,0
DA:132,0
DA:133,0
DA:135,0
DA:140,0
DA:144,0
DA:153,0
DA:154,0
DA:155,0
DA:156,0
DA:161,0
DA:164,0
DA:165,0
DA:167,0
DA:170,0
DA:176,0
DA:180,0
LF:65
LH:16
BRDA:23,0,0,0
BRDA:23,0,1,1
BRDA:23,1,0,1
BRDA:23,1,1,0
BRDA:23,1,2,1
BRDA:23,1,3,0
BRDA:23,1,4,1
BRDA:50,2,0,0
BRDA:50,2,1,0
BRDA:70,3,0,0
BRDA:70,3,1,0
BRDA:83,4,0,0
BRDA:83,4,1,1
BRDA:93,5,0,0
BRDA:93,5,1,0
BRDA:104,6,0,0
BRDA:104,6,1,1
BRDA:105,7,0,0
BRDA:105,7,1,1
BRDA:105,8,0,1
BRDA:105,8,1,0
BRDA:108,9,0,0
BRDA:108,9,1,1
BRDA:109,10,0,1
BRDA:109,10,1,0
BRDA:109,11,0,1
BRDA:109,11,1,1
BRDA:129,12,0,0
BRDA:129,12,1,0
BRDA:155,13,0,0
BRDA:155,13,1,0
BRDA:164,14,0,0
BRDA:164,14,1,0
BRDA:170,15,0,0
BRDA:170,15,1,0
BRDA:171,16,0,0
BRDA:171,16,1,0
BRF:37
BRH:12
end_of_record
TN:
SF:src\Farmer\Farmer.js
FN:7,Farmer
FNF:1
FNH:1
FNDA:1,Farmer
DA:8,1
LF:1
LH:1
BRDA:9,0,0,1
BRDA:9,0,1,0
BRF:2
BRH:1
end_of_record
TN:
SF:src\Homepage\Homepage.js
FN:7,Homepage
FNF:1
FNH:1
FNDA:1,Homepage
DA:9,1
LF:1
LH:1
BRF:0
BRH:0
end_of_record
TN:
SF:src\Navbar\Navbar.js
FN:16,Navbar
FN:20,(anonymous_1)
FN:30,(anonymous_2)
FN:49,_getWalletWarning
FN:56,(anonymous_4)
FN:60,(anonymous_5)
FN:64,doLogin
FN:73,(anonymous_7)
FN:128,(anonymous_8)
FNF:9
FNH:4
FNDA:2,Navbar
FNDA:0,(anonymous_1)
FNDA:0,(anonymous_2)
FNDA:1,_getWalletWarning
FNDA:1,(anonymous_4)
FNDA:1,(anonymous_5)
FNDA:0,doLogin
FNDA:0,(anonymous_7)
FNDA:0,(anonymous_8)
DA:17,2
DA:18,2
DA:20,2
DA:21,0
DA:23,0
DA:32,0
DA:33,0
DA:34,0
DA:35,0
DA:36,0
DA:38,0
DA:41,0
DA:42,0
DA:43,0
DA:44,0
DA:45,0
DA:46,0
DA:50,1
DA:51,1
DA:52,1
DA:53,1
DA:56,2
DA:57,1
DA:60,2
DA:61,1
DA:65,0
DA:69,2
DA:70,0
DA:73,2
DA:74,0
DA:79,2
DA:128,0
LF:32
LH:14
BRDA:32,0,0,0
BRDA:32,0,1,0
BRDA:69,1,0,0
BRDA:69,1,1,2
BRDA:92,2,0,0
BRDA:92,2,1,2
BRDA:97,3,0,1
BRDA:97,3,1,1
BRDA:97,4,0,2
BRDA:97,4,1,1
BRDA:117,5,0,2
BRDA:117,5,1,0
BRDA:119,6,0,1
BRDA:119,6,1,1
BRDA:119,7,0,2
BRDA:119,7,1,1
BRF:16
BRH:11
end_of_record
TN:
SF:src\NewCustomer\NewCustomer.js
FN:36,NewCustomer
FN:40,ModalComponent
FN:45,(anonymous_2)
FN:52,(anonymous_3)
FN:93,(anonymous_4)
FN:131,(anonymous_5)
FNF:6
FNH:4
FNDA:12,NewCustomer
FNDA:49,ModalComponent
FNDA:0,(anonymous_2)
FNDA:0,(anonymous_3)
FNDA:3,(anonymous_4)
FNDA:52,(anonymous_5)
DA:15,1
DA:17,1
DA:23,1
DA:29,1
DA:37,12
DA:38,12
DA:41,49
DA:45,0
DA:53,0
DA:69,12
DA:94,3
DA:104,3
DA:105,3
DA:106,1
DA:107,2
DA:108,1
DA:110,1
DA:111,1
DA:112,1
DA:113,0
DA:115,1
DA:116,1
DA:117,1
DA:118,1
DA:119,1
DA:120,1
DA:121,1
DA:122,1
DA:123,1
DA:126,3
DA:132,52
LF:31
LH:28
BRDA:51,0,0,46
BRDA:51,0,1,3
BRDA:105,1,0,1
BRDA:105,1,1,2
BRDA:107,2,0,1
BRDA:107,2,1,1
BRDA:112,3,0,0
BRDA:112,3,1,1
BRDA:133,4,0,4
BRDA:133,4,1,48
BRDA:133,5,0,52
BRDA:133,5,1,4
BRDA:134,6,0,4
BRDA:134,6,1,48
BRDA:134,7,0,52
BRDA:134,7,1,4
BRDA:135,8,0,4
BRDA:135,8,1,48
BRDA:135,9,0,52
BRDA:135,9,1,4
BRDA:136,10,0,4
BRDA:136,10,1,48
BRDA:136,11,0,52
BRDA:136,11,1,4
BRDA:137,12,0,4
BRDA:137,12,1,48
BRDA:137,13,0,52
BRDA:137,13,1,4
BRDA:138,14,0,4
BRDA:138,14,1,48
BRDA:138,15,0,52
BRDA:138,15,1,4
BRDA:139,16,0,0
BRDA:139,16,1,52
BRDA:139,17,0,52
BRDA:139,17,1,0
BRF:36
BRH:33
end_of_record
TN:
SF:src\PlaceOrder\PlaceOrder.js
FN:16,PlaceOrder
FN:34,_getCart
FN:49,(anonymous_2)
FN:54,(anonymous_3)
FN:62,(anonymous_4)
FN:79,(anonymous_5)
FN:80,(anonymous_6)
FN:119,(anonymous_7)
FN:134,(anonymous_8)
FN:166,printOrder
FN:183,OrderEntry
FNF:11
FNH:7
FNDA:3,PlaceOrder
FNDA:1,_getCart
FNDA:1,(anonymous_2)
FNDA:0,(anonymous_3)
FNDA:0,(anonymous_4)
FNDA:1,(anonymous_5)
FNDA:1,(anonymous_6)
FNDA:0,(anonymous_7)
FNDA:0,(anonymous_8)
FNDA:2,printOrder
FNDA:2,OrderEntry
DA:17,3
DA:18,2
DA:19,2
DA:20,2
DA:21,2
DA:22,2
DA:23,2
DA:24,2
DA:25,2
DA:26,2
DA:35,1
DA:36,1
DA:37,0
DA:38,0
DA:39,0
DA:41,1
DA:42,0
DA:43,0
DA:45,1
DA:49,2
DA:50,1
DA:54,2
DA:55,0
DA:56,0
DA:57,0
DA:59,0
DA:62,2
DA:63,0
DA:64,0
DA:66,0
DA:67,0
DA:69,0
DA:70,0
DA:71,0
DA:72,0
DA:74,0
DA:78,2
DA:79,2
DA:80,1
DA:81,1
DA:82,0
DA:84,1
DA:86,1
DA:89,2
DA:90,0
DA:95,2
DA:96,2
DA:101,2
DA:120,0
DA:121,0
DA:122,0
DA:123,0
DA:124,0
DA:125,0
DA:126,0
DA:127,0
DA:128,0
DA:135,0
DA:167,2
DA:168,2
DA:169,2
DA:170,1
DA:171,1
DA:172,1
DA:173,1
DA:175,1
DA:180,1
DA:184,2
LF:68
LH:38
BRDA:36,0,0,0
BRDA:36,0,1,1
BRDA:41,1,0,0
BRDA:41,1,1,1
BRDA:56,2,0,0
BRDA:56,2,1,0
BRDA:66,3,0,0
BRDA:66,3,1,0
BRDA:70,4,0,0
BRDA:70,4,1,0
BRDA:81,5,0,0
BRDA:81,5,1,1
BRDA:81,6,0,1
BRDA:81,6,1,0
BRDA:81,6,2,1
BRDA:81,6,3,0
BRDA:89,7,0,0
BRDA:89,7,1,2
BRDA:95,8,0,2
BRDA:95,8,1,0
BRDA:104,9,0,0
BRDA:104,9,1,2
BRDA:107,10,0,0
BRDA:107,10,1,2
BRDA:112,11,0,0
BRDA:112,11,1,2
BRDA:125,12,0,0
BRDA:125,12,1,0
BRDA:139,13,0,0
BRDA:139,13,1,0
BRDA:139,14,0,0
BRDA:139,14,1,0
BRDA:140,15,0,0
BRDA:140,15,1,0
BRDA:141,16,0,0
BRDA:141,16,1,0
BRDA:143,17,0,0
BRDA:143,17,1,0
BRDA:145,18,0,0
BRDA:145,18,1,0
BRDA:147,19,0,0
BRDA:147,19,1,0
BRDA:157,20,0,1
BRDA:157,20,1,1
BRDA:159,21,0,2
BRDA:159,21,1,0
BRDA:159,22,0,2
BRDA:159,22,1,0
BRDA:159,22,2,0
BRDA:169,23,0,1
BRDA:169,23,1,1
BRF:51
BRH:16
end_of_record
TN:
SF:src\ShopEmployee\ShopEmployee.js
FN:7,ShopEmployee
FNF:1
FNH:1
FNDA:1,ShopEmployee
DA:9,1
LF:1
LH:1
BRDA:10,0,0,1
BRDA:10,0,1,0
BRDA:10,1,0,1
BRDA:10,1,1,0
BRF:4
BRH:2
end_of_record
